mode: set
github.com/4udiwe/coworking/auth-service/internal/service/service.go:25.121,33.2 1 1
github.com/4udiwe/coworking/auth-service/internal/service/service.go:40.25,42.17 1 1
github.com/4udiwe/coworking/auth-service/internal/service/service.go:42.17,45.3 2 1
github.com/4udiwe/coworking/auth-service/internal/service/service.go:46.2,46.20 1 1
github.com/4udiwe/coworking/auth-service/internal/service/service.go:46.20,49.3 2 1
github.com/4udiwe/coworking/auth-service/internal/service/service.go:50.2,50.20 1 1
github.com/4udiwe/coworking/auth-service/internal/service/service.go:50.20,53.3 2 1
github.com/4udiwe/coworking/auth-service/internal/service/service.go:55.2,62.69 3 1
github.com/4udiwe/coworking/auth-service/internal/service/service.go:62.69,65.17 2 1
github.com/4udiwe/coworking/auth-service/internal/service/service.go:65.17,68.4 2 1
github.com/4udiwe/coworking/auth-service/internal/service/service.go:71.3,78.17 3 1
github.com/4udiwe/coworking/auth-service/internal/service/service.go:78.17,79.60 1 1
github.com/4udiwe/coworking/auth-service/internal/service/service.go:79.60,82.5 2 1
github.com/4udiwe/coworking/auth-service/internal/service/service.go:83.4,84.45 2 1
github.com/4udiwe/coworking/auth-service/internal/service/service.go:88.3,88.71 1 1
github.com/4udiwe/coworking/auth-service/internal/service/service.go:88.71,89.55 1 1
github.com/4udiwe/coworking/auth-service/internal/service/service.go:89.55,92.5 2 1
github.com/4udiwe/coworking/auth-service/internal/service/service.go:93.4,97.45 2 1
github.com/4udiwe/coworking/auth-service/internal/service/service.go:101.3,102.17 2 1
github.com/4udiwe/coworking/auth-service/internal/service/service.go:102.17,105.4 2 1
github.com/4udiwe/coworking/auth-service/internal/service/service.go:108.3,113.17 1 1
github.com/4udiwe/coworking/auth-service/internal/service/service.go:113.17,116.4 2 1
github.com/4udiwe/coworking/auth-service/internal/service/service.go:118.3,118.13 1 1
github.com/4udiwe/coworking/auth-service/internal/service/service.go:121.2,121.16 1 1
github.com/4udiwe/coworking/auth-service/internal/service/service.go:121.16,127.37 1 1
github.com/4udiwe/coworking/auth-service/internal/service/service.go:127.37,129.4 1 1
github.com/4udiwe/coworking/auth-service/internal/service/service.go:130.3,131.36 2 1
github.com/4udiwe/coworking/auth-service/internal/service/service.go:134.2,135.20 2 1
github.com/4udiwe/coworking/auth-service/internal/service/service.go:142.25,144.17 1 1
github.com/4udiwe/coworking/auth-service/internal/service/service.go:144.17,147.3 2 1
github.com/4udiwe/coworking/auth-service/internal/service/service.go:148.2,148.20 1 1
github.com/4udiwe/coworking/auth-service/internal/service/service.go:148.20,151.3 2 1
github.com/4udiwe/coworking/auth-service/internal/service/service.go:153.2,157.69 3 1
github.com/4udiwe/coworking/auth-service/internal/service/service.go:157.69,160.17 2 1
github.com/4udiwe/coworking/auth-service/internal/service/service.go:160.17,161.55 1 1
github.com/4udiwe/coworking/auth-service/internal/service/service.go:161.55,164.5 2 1
github.com/4udiwe/coworking/auth-service/internal/service/service.go:165.4,166.51 2 1
github.com/4udiwe/coworking/auth-service/internal/service/service.go:170.3,170.21 1 1
github.com/4udiwe/coworking/auth-service/internal/service/service.go:170.21,173.4 2 1
github.com/4udiwe/coworking/auth-service/internal/service/service.go:176.3,176.63 1 1
github.com/4udiwe/coworking/auth-service/internal/service/service.go:176.63,179.4 2 1
github.com/4udiwe/coworking/auth-service/internal/service/service.go:182.3,183.17 2 1
github.com/4udiwe/coworking/auth-service/internal/service/service.go:183.17,186.4 2 1
github.com/4udiwe/coworking/auth-service/internal/service/service.go:189.3,194.17 1 1
github.com/4udiwe/coworking/auth-service/internal/service/service.go:194.17,197.4 2 1
github.com/4udiwe/coworking/auth-service/internal/service/service.go:199.3,199.13 1 1
github.com/4udiwe/coworking/auth-service/internal/service/service.go:202.2,202.16 1 1
github.com/4udiwe/coworking/auth-service/internal/service/service.go:202.16,207.37 1 1
github.com/4udiwe/coworking/auth-service/internal/service/service.go:207.37,209.4 1 1
github.com/4udiwe/coworking/auth-service/internal/service/service.go:210.3,211.36 2 1
github.com/4udiwe/coworking/auth-service/internal/service/service.go:214.2,215.20 2 1
github.com/4udiwe/coworking/auth-service/internal/service/service.go:221.25,223.24 1 1
github.com/4udiwe/coworking/auth-service/internal/service/service.go:223.24,226.3 2 1
github.com/4udiwe/coworking/auth-service/internal/service/service.go:228.2,232.16 3 1
github.com/4udiwe/coworking/auth-service/internal/service/service.go:232.16,235.3 2 1
github.com/4udiwe/coworking/auth-service/internal/service/service.go:237.2,239.68 2 1
github.com/4udiwe/coworking/auth-service/internal/service/service.go:239.68,244.17 3 1
github.com/4udiwe/coworking/auth-service/internal/service/service.go:244.17,245.62 1 1
github.com/4udiwe/coworking/auth-service/internal/service/service.go:245.62,248.5 2 1
github.com/4udiwe/coworking/auth-service/internal/service/service.go:249.4,250.59 2 1
github.com/4udiwe/coworking/auth-service/internal/service/service.go:254.3,255.17 2 1
github.com/4udiwe/coworking/auth-service/internal/service/service.go:255.17,256.55 1 1
github.com/4udiwe/coworking/auth-service/internal/service/service.go:256.55,259.5 2 1
github.com/4udiwe/coworking/auth-service/internal/service/service.go:260.4,261.48 2 1
github.com/4udiwe/coworking/auth-service/internal/service/service.go:265.3,265.21 1 1
github.com/4udiwe/coworking/auth-service/internal/service/service.go:265.21,268.4 2 1
github.com/4udiwe/coworking/auth-service/internal/service/service.go:271.3,271.71 1 1
github.com/4udiwe/coworking/auth-service/internal/service/service.go:271.71,274.4 2 1
github.com/4udiwe/coworking/auth-service/internal/service/service.go:277.3,278.17 2 1
github.com/4udiwe/coworking/auth-service/internal/service/service.go:278.17,281.4 2 1
github.com/4udiwe/coworking/auth-service/internal/service/service.go:284.3,289.17 1 1
github.com/4udiwe/coworking/auth-service/internal/service/service.go:289.17,292.4 2 1
github.com/4udiwe/coworking/auth-service/internal/service/service.go:294.3,294.13 1 1
github.com/4udiwe/coworking/auth-service/internal/service/service.go:297.2,297.16 1 1
github.com/4udiwe/coworking/auth-service/internal/service/service.go:297.16,300.34 1 1
github.com/4udiwe/coworking/auth-service/internal/service/service.go:300.34,302.4 1 1
github.com/4udiwe/coworking/auth-service/internal/service/service.go:303.3,304.37 2 1
github.com/4udiwe/coworking/auth-service/internal/service/service.go:307.2,308.20 2 1
github.com/4udiwe/coworking/auth-service/internal/service/service.go:314.9,316.24 1 1
github.com/4udiwe/coworking/auth-service/internal/service/service.go:316.24,319.3 2 1
github.com/4udiwe/coworking/auth-service/internal/service/service.go:321.2,326.70 3 1
github.com/4udiwe/coworking/auth-service/internal/service/service.go:326.70,327.61 1 1
github.com/4udiwe/coworking/auth-service/internal/service/service.go:327.61,330.4 2 1
github.com/4udiwe/coworking/auth-service/internal/service/service.go:331.3,332.64 2 1
github.com/4udiwe/coworking/auth-service/internal/service/service.go:335.2,336.12 2 1
